<?xml version="1.0" encoding="UTF-8"?>
<testsuite xmlns:xsi="http://www.w3.org/2001/XMLSchema-instance" xsi:noNamespaceSchemaLocation="https://maven.apache.org/surefire/maven-surefire-plugin/xsd/surefire-test-report-3.0.xsd" version="3.0" name="com.example.tests.FirstTestNgClass" time="3.068" tests="6" errors="0" skipped="0" failures="1">
  <properties>
[...]
</properties>
  <testcase name="addToCart" classname="com.example.tests.FirstTestNgClass" time="0.001">
    <system-out><![CDATA[add items in cart
]]></system-out>
    <system-err><![CDATA[SLF4J: Failed to load class "org.slf4j.impl.StaticLoggerBinder".
SLF4J: Defaulting to no-operation (NOP) logger implementation
SLF4J: See http://www.slf4j.org/codes.html#StaticLoggerBinder for further details.
]]></system-err>
  </testcase>
  <testcase name="closeBrowser" classname="com.example.tests.FirstTestNgClass" time="0">
    <system-out><![CDATA[Closing Browser
]]></system-out>
  </testcase>
  <testcase name="logOut" classname="com.example.tests.FirstTestNgClass" time="0">
    <system-out><![CDATA[logging out
]]></system-out>
  </testcase>
  <testcase name="login" classname="com.example.tests.FirstTestNgClass" time="0.001">
    <system-out><![CDATA[Logging in...
]]></system-out>
  </testcase>
  <testcase name="openBrowser" classname="com.example.tests.FirstTestNgClass" time="2.905">
    <failure message="Could not start a new session. Response code 500. Message: session not created: This version of ChromeDriver only supports Chrome version 114&#10;Current browser version is 126.0.6478.127 with binary path /Applications/Google Chrome.app/Contents/MacOS/Google Chrome &#10;Host info: host: &apos;Gaganns-MacBook-Pro.local&apos;, ip: &apos;10.0.0.87&apos;&#10;Build info: version: &apos;4.9.0&apos;, revision: &apos;d7057100a6&apos;&#10;System info: os.name: &apos;Mac OS X&apos;, os.arch: &apos;aarch64&apos;, os.version: &apos;14.5&apos;, java.version: &apos;17.0.8.1&apos;&#10;Driver info: org.openqa.selenium.chrome.ChromeDriver&#10;Command: [null, newSession {capabilities=[Capabilities {browserName: chrome, goog:chromeOptions: {args: [--remote-allow-origins=*], extensions: []}}]}]" type="org.openqa.selenium.SessionNotCreatedException"><![CDATA[org.openqa.selenium.SessionNotCreatedException: 
Could not start a new session. Response code 500. Message: session not created: This version of ChromeDriver only supports Chrome version 114
Current browser version is 126.0.6478.127 with binary path /Applications/Google Chrome.app/Contents/MacOS/Google Chrome 
Host info: host: 'Gaganns-MacBook-Pro.local', ip: '10.0.0.87'
Build info: version: '4.9.0', revision: 'd7057100a6'
System info: os.name: 'Mac OS X', os.arch: 'aarch64', os.version: '14.5', java.version: '17.0.8.1'
Driver info: org.openqa.selenium.chrome.ChromeDriver
Command: [null, newSession {capabilities=[Capabilities {browserName: chrome, goog:chromeOptions: {args: [--remote-allow-origins=*], extensions: []}}]}]
	at com.example.tests.FirstTestNgClass.openBrowser(FirstTestNgClass.java:20)
]]></failure>
    <system-out><![CDATA[Let's open a browser
]]></system-out>
    <system-err><![CDATA[Starting ChromeDriver 114.0.5735.90 (386bc09e8f4f2e025eddae123f36f6263096ae49-refs/branch-heads/5735@{#1052}) on port 12761
Only local connections are allowed.
Please see https://chromedriver.chromium.org/security-considerations for suggestions on keeping ChromeDriver safe.
ChromeDriver was started successfully.
]]></system-err>
  </testcase>
  <testcase name="signup" classname="com.example.tests.FirstTestNgClass" time="0">
    <system-out><![CDATA[signing up
]]></system-out>
  </testcase>
</testsuite>